<?xml version="1.0" encoding="UTF-8"?>
<!-- Generated by org.testng.reporters.JUnitReportReporter -->
<testsuite hostname="VaibhavBY" failures="0" tests="1" name="requestBody_Payload.Hashmap_4" time="2.423" errors="0" timestamp="2024-04-01T17:46:24 IST" skipped="0">
  <testcase classname="requestBody_Payload.Hashmap_4" name="createUser" time="2.423"/>
</testsuite> <!-- requestBody_Payload.Hashmap_4 -->
