<?xml version="1.0" encoding="UTF-8"?>
<!-- Generated by org.testng.reporters.JUnitReportReporter -->
<testsuite hostname="VaibhavBY" failures="0" tests="1" name="requestBody_Payload.PoJoClass_3" time="2.880" errors="0" timestamp="2024-03-29T12:14:55 IST" skipped="0">
  <testcase classname="requestBody_Payload.PoJoClass_3" name="test" time="2.880"/>
</testsuite> <!-- requestBody_Payload.PoJoClass_3 -->
