<?xml version="1.0" encoding="UTF-8"?>
<!-- Generated by org.testng.reporters.JUnitReportReporter -->
<testsuite hostname="VaibhavBY" failures="0" tests="1" name="requestBody_Payload.JsonObject_1" time="2.646" errors="0" timestamp="2024-03-19T17:03:45 IST" skipped="0">
  <testcase classname="requestBody_Payload.JsonObject_1" name="object" time="2.646"/>
</testsuite> <!-- requestBody_Payload.JsonObject_1 -->
