<?xml version="1.0" encoding="UTF-8"?>
<!-- Generated by org.testng.reporters.JUnitReportReporter -->
<testsuite hostname="VaibhavBY" failures="0" tests="1" name="crudOperation.CreateUser_Post1" time="4.045" errors="0" timestamp="2024-04-01T10:55:35 IST" skipped="0">
  <testcase classname="crudOperation.CreateUser_Post1" name="store" time="4.045"/>
</testsuite> <!-- crudOperation.CreateUser_Post1 -->
